  dataBase.cpp
C:\Users\xiii5\Desktop\Notatki_stacja\UKSW\indywidualny projekt programistyczny\dietCalculator\dataBase.cpp(68,83): warning C4267: "argument": konwersja z "size_t" do "int", możliwa utrata danych
C:\Users\xiii5\Desktop\Notatki_stacja\UKSW\indywidualny projekt programistyczny\dietCalculator\dataBase.cpp(71,65): warning C4267: "argument": konwersja z "size_t" do "int", możliwa utrata danych
C:\Users\xiii5\Desktop\Notatki_stacja\UKSW\indywidualny projekt programistyczny\dietCalculator\dataBase.cpp(72,67): warning C4267: "argument": konwersja z "size_t" do "int", możliwa utrata danych
C:\Users\xiii5\Desktop\Notatki_stacja\UKSW\indywidualny projekt programistyczny\dietCalculator\dataBase.cpp(62,8): warning C4101: "messageError": lokalna zmienna, do której nie istnieje odwołanie
  imgui-SFML.cpp
C:\Users\xiii5\Desktop\Notatki_stacja\UKSW\indywidualny projekt programistyczny\dietCalculator\imGui\imgui-SFML.cpp(571,65): warning C4244: "argument": konwersja z "const unsigned int" do "float", możliwa utrata danych
C:\Users\xiii5\Desktop\Notatki_stacja\UKSW\indywidualny projekt programistyczny\dietCalculator\imGui\imgui-SFML.cpp(571,47): warning C4244: "argument": konwersja z "const unsigned int" do "float", możliwa utrata danych
C:\Users\xiii5\Desktop\Notatki_stacja\UKSW\indywidualny projekt programistyczny\dietCalculator\imGui\imgui-SFML.cpp(574,67): warning C4244: "argument": konwersja z "const int" do "float", możliwa utrata danych
C:\Users\xiii5\Desktop\Notatki_stacja\UKSW\indywidualny projekt programistyczny\dietCalculator\imGui\imgui-SFML.cpp(574,48): warning C4244: "argument": konwersja z "const int" do "float", możliwa utrata danych
  imgui.cpp
  imgui_demo.cpp
  imgui_draw.cpp
  imgui_tables.cpp
  imgui_widgets.cpp
  main.cpp
C:\Users\xiii5\Desktop\Notatki_stacja\UKSW\indywidualny projekt programistyczny\dietCalculator\main.cpp(89,30): warning C4305: "=": obcięcie z "double" do "float"
  products.cpp
  sqlite3.c
  Trwa generowanie kodu
  Previous IPDB was built with incompatible compiler, fall back to full compilation.
  All 4045 functions were compiled because no usable IPDB/IOBJ from previous compilation was found.
  Zakończono generowanie kodu
  dietCalculator.vcxproj -> C:\Users\xiii5\Desktop\Notatki_stacja\UKSW\indywidualny projekt programistyczny\x64\Release\dietCalculator.exe
