main.obj : error LNK2019: nierozpoznany symbol zewnętrzny "public: __thiscall sf::String::String(char const *,class std::locale const &)" (??0String@sf@@QAE@PBDABVlocale@std@@@Z) przywołany w funkcji _main
main.obj : error LNK2019: nierozpoznany symbol zewnętrzny "public: __thiscall sf::VideoMode::VideoMode(unsigned int,unsigned int,unsigned int)" (??0VideoMode@sf@@QAE@III@Z) przywołany w funkcji _main
main.obj : error LNK2019: nierozpoznany symbol zewnętrzny "public: void __thiscall sf::Window::close(void)" (?close@Window@sf@@QAEXXZ) przywołany w funkcji _main
main.obj : error LNK2019: nierozpoznany symbol zewnętrzny "public: bool __thiscall sf::Window::isOpen(void)const " (?isOpen@Window@sf@@QBE_NXZ) przywołany w funkcji _main
main.obj : error LNK2019: nierozpoznany symbol zewnętrzny "public: bool __thiscall sf::Window::pollEvent(class sf::Event &)" (?pollEvent@Window@sf@@QAE_NAAVEvent@2@@Z) przywołany w funkcji _main
main.obj : error LNK2019: nierozpoznany symbol zewnętrzny "public: void __thiscall sf::Window::display(void)" (?display@Window@sf@@QAEXXZ) przywołany w funkcji _main
main.obj : error LNK2019: nierozpoznany symbol zewnętrzny "public: __thiscall sf::Color::Color(unsigned char,unsigned char,unsigned char,unsigned char)" (??0Color@sf@@QAE@EEEE@Z) przywołany w funkcji _main
main.obj : error LNK2019: nierozpoznany symbol zewnętrzny "public: virtual __thiscall sf::Shape::~Shape(void)" (??1Shape@sf@@UAE@XZ) przywołany w funkcji "public: virtual __thiscall sf::CircleShape::~CircleShape(void)" (??1CircleShape@sf@@UAE@XZ)
main.obj : error LNK2019: nierozpoznany symbol zewnętrzny "public: void __thiscall sf::Shape::setFillColor(class sf::Color const &)" (?setFillColor@Shape@sf@@QAEXABVColor@2@@Z) przywołany w funkcji _main
main.obj : error LNK2019: nierozpoznany symbol zewnętrzny "public: __thiscall sf::CircleShape::CircleShape(float,unsigned int)" (??0CircleShape@sf@@QAE@MI@Z) przywołany w funkcji _main
main.obj : error LNK2019: nierozpoznany symbol zewnętrzny "public: void __thiscall sf::RenderTarget::clear(class sf::Color const &)" (?clear@RenderTarget@sf@@QAEXABVColor@2@@Z) przywołany w funkcji _main
main.obj : error LNK2019: nierozpoznany symbol zewnętrzny "public: void __thiscall sf::RenderTarget::draw(class sf::Drawable const &,class sf::RenderStates const &)" (?draw@RenderTarget@sf@@QAEXABVDrawable@2@ABVRenderStates@2@@Z) przywołany w funkcji _main
main.obj : error LNK2019: nierozpoznany symbol zewnętrzny "public: __thiscall sf::RenderWindow::RenderWindow(class sf::VideoMode,class sf::String const &,unsigned int,struct sf::ContextSettings const &)" (??0RenderWindow@sf@@QAE@VVideoMode@1@ABVString@1@IABUContextSettings@1@@Z) przywołany w funkcji _main
main.obj : error LNK2019: nierozpoznany symbol zewnętrzny "public: virtual __thiscall sf::RenderWindow::~RenderWindow(void)" (??1RenderWindow@sf@@UAE@XZ) przywołany w funkcji _main
main.obj : error LNK2001: nierozpoznany symbol zewnętrzny "public: static class sf::RenderStates const sf::RenderStates::Default" (?Default@RenderStates@sf@@2V12@B)
main.obj : error LNK2001: nierozpoznany symbol zewnętrzny "public: static class sf::Color const sf::Color::Green" (?Green@Color@sf@@2V12@B)
MSVCRTD.lib(exe_winmain.obj) : error LNK2019: nierozpoznany symbol zewnętrzny _WinMain@16 przywołany w funkcji "int __cdecl invoke_main(void)" (?invoke_main@@YAHXZ)
C:\SFML-2.5.1\lib\sfml-system-s.lib : warning LNK4272: wystąpił konflikt typu maszyny biblioteki „x64” z typem maszyny docelowej „x86”
C:\SFML-2.5.1\lib\freetype.lib : warning LNK4272: wystąpił konflikt typu maszyny biblioteki „x64” z typem maszyny docelowej „x86”
C:\SFML-2.5.1\lib\sfml-graphics-s-d.lib : warning LNK4272: wystąpił konflikt typu maszyny biblioteki „x64” z typem maszyny docelowej „x86”
C:\SFML-2.5.1\lib\sfml-window-s-d.lib : warning LNK4272: wystąpił konflikt typu maszyny biblioteki „x64” z typem maszyny docelowej „x86”
C:\Users\xiii5\Desktop\Notatki_stacja\UKSW\indywidualny projekt programistyczny\Debug\dietCalculator.exe : fatal error LNK1120: liczba nierozpoznanych elementów zewnętrznych: 17
